<?xml version="1.0" encoding="UTF-8"?>
<!-- Generated by org.testng.reporters.JUnitXMLReporter -->
<testsuite ignored="5" hostname="ameera-jayakumar-m" failures="0" tests="1" name="Default test" time="24.504" errors="0" timestamp="2020-08-21T21:26:37 IST">
  <testcase classname="assignment9.UserRegister" name="TestCase06" time="24.471"/>
  <testcase classname="assignment9.UserRegister" name="TestCase05" time="0.0">
    <ignored/>
  </testcase> <!-- TestCase05 -->
  <testcase classname="assignment9.UserRegister" name="TestCase01" time="0.0">
    <ignored/>
  </testcase> <!-- TestCase01 -->
  <testcase classname="assignment9.UserRegister" name="TestCase02" time="0.0">
    <ignored/>
  </testcase> <!-- TestCase02 -->
  <testcase classname="assignment9.UserRegister" name="TestCase03" time="0.0">
    <ignored/>
  </testcase> <!-- TestCase03 -->
  <testcase classname="assignment9.UserRegister" name="TestCase04" time="0.0">
    <ignored/>
  </testcase> <!-- TestCase04 -->
</testsuite> <!-- Default test -->
