<?xml version="1.0" encoding="UTF-8"?>
<!-- Generated by org.testng.reporters.JUnitXMLReporter -->
<testsuite ignored="0" hostname="ameera-jayakumar-m" failures="0" tests="3" name="TestSuite" time="19.8" errors="0" timestamp="2020-08-17T20:44:06 IST">
  <testcase classname="assignment9.Amazon" name="TestCase01" time="6.191"/>
  <testcase classname="assignment9.Amazon" name="TestCase02" time="9.343"/>
  <testcase classname="assignment9.Amazon" name="TestCase03" time="4.229"/>
</testsuite> <!-- TestSuite -->
