<?xml version="1.0" encoding="UTF-8"?>
<testng-results ignored="5" total="6" passed="1" failed="0" skipped="0">
  <reporter-output>
  </reporter-output>
  <suite started-at="2020-08-21T21:26:12 IST" name="Default suite" finished-at="2020-08-21T21:26:37 IST" duration-ms="24504">
    <groups>
    </groups>
    <test started-at="2020-08-21T21:26:12 IST" name="Default test" finished-at="2020-08-21T21:26:37 IST" duration-ms="24504">
      <class name="assignment9.UserRegister">
        <test-method signature="TestCase06()[pri:6, instance:assignment9.UserRegister@3b2cf7ab]" started-at="2020-08-21T21:26:13 IST" name="TestCase06" finished-at="2020-08-21T21:26:37 IST" duration-ms="24471" status="PASS">
          <reporter-output>
          </reporter-output>
        </test-method> <!-- TestCase06 -->
        <test-method is-config="true" signature="tearDown()[pri:0, instance:assignment9.UserRegister@3b2cf7ab]" started-at="2020-08-21T21:26:37 IST" name="tearDown" finished-at="2020-08-21T21:26:37 IST" duration-ms="106" status="PASS">
          <reporter-output>
          </reporter-output>
        </test-method> <!-- tearDown -->
      </class> <!-- assignment9.UserRegister -->
    </test> <!-- Default test -->
  </suite> <!-- Default suite -->
</testng-results>
