<?xml version="1.0" encoding="UTF-8"?>
<!-- Generated by org.testng.reporters.JUnitXMLReporter -->
<testsuite ignored="0" hostname="ameera-jayakumar-m" failures="0" tests="3" name="TestSuite02" time="33.437" errors="0" timestamp="2020-08-10T17:48:06 IST">
  <testcase classname="assignment3.LinksOnPage" name="openURL" time="8.572"/>
  <testcase classname="assignment3.LinksOnPage" name="countURLs" time="0.149"/>
  <testcase classname="assignment3.LinksOnPage" name="printLinks" time="19.956"/>
</testsuite> <!-- TestSuite02 -->
